<?xml version="1.0" encoding="UTF-8"?>
<testng-results ignored="0" total="1" passed="1" failed="0" skipped="0">
  <reporter-output>
  </reporter-output>
  <suite started-at="2025-12-17T08:37:34 IST" name="Suite" finished-at="2025-12-17T08:37:35 IST" duration-ms="123">
    <groups>
      <group name="regression">
        <method signature="Practice2Test.Cancellation()[pri:0, instance:practice.Practice2Test@769f71a9]" name="Cancellation" class="practice.Practice2Test"/>
      </group> <!-- regression -->
    </groups>
    <test started-at="2025-12-17T08:37:34 IST" name="Test" finished-at="2025-12-17T08:37:35 IST" duration-ms="123">
      <class name="practice.Practice2Test">
        <test-method signature="Cancellation()[pri:0, instance:practice.Practice2Test@769f71a9]" started-at="2025-12-17T08:37:35 IST" name="Cancellation" finished-at="2025-12-17T08:37:35 IST" duration-ms="18" status="PASS">
          <reporter-output>
          </reporter-output>
        </test-method> <!-- Cancellation -->
      </class> <!-- practice.Practice2Test -->
    </test> <!-- Test -->
  </suite> <!-- Suite -->
</testng-results>
