<?xml version="1.0" encoding="UTF-8"?>
<testng-results ignored="0" total="1" passed="1" failed="0" skipped="0">
  <reporter-output>
  </reporter-output>
  <suite started-at="2025-12-23T07:51:42 IST" name="Suite" finished-at="2025-12-23T07:51:42 IST" duration-ms="76">
    <groups>
      <group name="smoke">
        <method signature="Practice1Test.Booking()[pri:0, instance:practice.Practice1Test@bef2d72]" name="Booking" class="practice.Practice1Test"/>
      </group> <!-- smoke -->
    </groups>
    <test started-at="2025-12-23T07:51:42 IST" name="Test" finished-at="2025-12-23T07:51:42 IST" duration-ms="76">
      <class name="practice.Practice1Test">
        <test-method signature="Booking()[pri:0, instance:practice.Practice1Test@bef2d72]" started-at="2025-12-23T07:51:42 IST" name="Booking" finished-at="2025-12-23T07:51:42 IST" duration-ms="7" status="PASS">
          <reporter-output>
          </reporter-output>
        </test-method> <!-- Booking -->
      </class> <!-- practice.Practice1Test -->
    </test> <!-- Test -->
  </suite> <!-- Suite -->
</testng-results>
